2026/01/25 19:15:36 Warning: MinIO client initialization failed: failed to check bucket: Get "http://localhost:9000/emfield-uploads/?location=": dial tcp [::1]:9000: connect: connection refused (file upload will be disabled)
[GIN-debug] [WARNING] Running in "debug" mode. Switch to "release" mode in production.
 - using env:	export GIN_MODE=release
 - using code:	gin.SetMode(gin.ReleaseMode)

[GIN-debug] GET    /healthz                  --> github.com/huaodong/emfield-teaching-platform/backend/internal/http.NewRouter.func1 (4 handlers)
[GIN-debug] POST   /api/v1/auth/login        --> github.com/huaodong/emfield-teaching-platform/backend/internal/http.(*authHandlers).Login-fm (4 handlers)
[GIN-debug] GET    /api/v1/auth/me           --> github.com/huaodong/emfield-teaching-platform/backend/internal/http.(*authHandlers).Me-fm (5 handlers)
[GIN-debug] GET    /api/v1/user/stats        --> github.com/huaodong/emfield-teaching-platform/backend/internal/http.(*userHandlers).GetStats-fm (6 handlers)
[GIN-debug] GET    /api/v1/users/me/stats    --> github.com/huaodong/emfield-teaching-platform/backend/internal/http.(*userHandlers).GetStats-fm (6 handlers)
[GIN-debug] POST   /api/v1/auth/wecom        --> github.com/huaodong/emfield-teaching-platform/backend/internal/http.(*wecomHandlers).Login-fm (4 handlers)
[GIN-debug] POST   /api/v1/auth/wecom/jsconfig --> github.com/huaodong/emfield-teaching-platform/backend/internal/http.(*wecomHandlers).GetJSConfig-fm (4 handlers)
[GIN-debug] GET    /api/v1/auth/wecom/oauth-url --> github.com/huaodong/emfield-teaching-platform/backend/internal/http.(*wecomHandlers).GetOAuthURL-fm (4 handlers)
[GIN-debug] GET    /api/v1/courses           --> github.com/huaodong/emfield-teaching-platform/backend/internal/http.(*courseHandlers).List-fm (6 handlers)
[GIN-debug] GET    /api/v1/courses/:courseId --> github.com/huaodong/emfield-teaching-platform/backend/internal/http.(*courseHandlers).Get-fm (6 handlers)
[GIN-debug] POST   /api/v1/courses           --> github.com/huaodong/emfield-teaching-platform/backend/internal/http.(*courseHandlers).Create-fm (6 handlers)
[GIN-debug] GET    /api/v1/courses/:courseId/chapters --> github.com/huaodong/emfield-teaching-platform/backend/internal/http.(*chapterHandlers).ListChapters-fm (6 handlers)
[GIN-debug] POST   /api/v1/chapters          --> github.com/huaodong/emfield-teaching-platform/backend/internal/http.(*chapterHandlers).CreateChapter-fm (6 handlers)
[GIN-debug] GET    /api/v1/chapters/:id      --> github.com/huaodong/emfield-teaching-platform/backend/internal/http.(*chapterHandlers).GetChapter-fm (6 handlers)
[GIN-debug] PUT    /api/v1/chapters/:id      --> github.com/huaodong/emfield-teaching-platform/backend/internal/http.(*chapterHandlers).UpdateChapter-fm (6 handlers)
[GIN-debug] DELETE /api/v1/chapters/:id      --> github.com/huaodong/emfield-teaching-platform/backend/internal/http.(*chapterHandlers).DeleteChapter-fm (6 handlers)
[GIN-debug] POST   /api/v1/chapters/:id/heartbeat --> github.com/huaodong/emfield-teaching-platform/backend/internal/http.(*chapterHandlers).Heartbeat-fm (6 handlers)
[GIN-debug] POST   /api/v1/chapters/:id/study-time --> github.com/huaodong/emfield-teaching-platform/backend/internal/http.(*chapterHandlers).Heartbeat-fm (6 handlers)
[GIN-debug] GET    /api/v1/chapters/:id/my-stats --> github.com/huaodong/emfield-teaching-platform/backend/internal/http.(*chapterHandlers).GetMyStats-fm (6 handlers)
[GIN-debug] GET    /api/v1/chapters/:id/class-stats --> github.com/huaodong/emfield-teaching-platform/backend/internal/http.(*chapterHandlers).GetClassStats-fm (6 handlers)
[GIN-debug] GET    /api/v1/courses/:courseId/assignments/stats --> github.com/huaodong/emfield-teaching-platform/backend/internal/http.(*assignmentHandlers).GetCourseAssignmentStats-fm (6 handlers)
[GIN-debug] GET    /api/v1/courses/:courseId/assignments --> github.com/huaodong/emfield-teaching-platform/backend/internal/http.(*assignmentHandlers).ListAssignments-fm (6 handlers)
[GIN-debug] POST   /api/v1/courses/:courseId/assignments --> github.com/huaodong/emfield-teaching-platform/backend/internal/http.(*assignmentHandlers).CreateAssignment-fm (6 handlers)
[GIN-debug] POST   /api/v1/assignments       --> github.com/huaodong/emfield-teaching-platform/backend/internal/http.(*assignmentHandlers).CreateAssignment-fm (6 handlers)
[GIN-debug] GET    /api/v1/assignments/:id   --> github.com/huaodong/emfield-teaching-platform/backend/internal/http.(*assignmentHandlers).GetAssignment-fm (6 handlers)
[GIN-debug] GET    /api/v1/assignments/:id/stats --> github.com/huaodong/emfield-teaching-platform/backend/internal/http.(*assignmentHandlers).GetAssignmentStats-fm (6 handlers)
[GIN-debug] POST   /api/v1/assignments/:id/submit --> github.com/huaodong/emfield-teaching-platform/backend/internal/http.(*assignmentHandlers).SubmitAssignment-fm (6 handlers)
[GIN-debug] GET    /api/v1/assignments/:id/my-submission --> github.com/huaodong/emfield-teaching-platform/backend/internal/http.(*assignmentHandlers).GetMySubmission-fm (6 handlers)
[GIN-debug] GET    /api/v1/assignments/:id/submissions --> github.com/huaodong/emfield-teaching-platform/backend/internal/http.(*assignmentHandlers).ListSubmissions-fm (6 handlers)
[GIN-debug] POST   /api/v1/submissions/:submissionId/grade --> github.com/huaodong/emfield-teaching-platform/backend/internal/http.(*assignmentHandlers).GradeSubmission-fm (6 handlers)
[GIN-debug] GET    /api/v1/courses/:courseId/resources --> github.com/huaodong/emfield-teaching-platform/backend/internal/http.(*resourceHandlers).ListResources-fm (6 handlers)
[GIN-debug] POST   /api/v1/resources         --> github.com/huaodong/emfield-teaching-platform/backend/internal/http.(*resourceHandlers).CreateResource-fm (6 handlers)
[GIN-debug] DELETE /api/v1/resources/:id     --> github.com/huaodong/emfield-teaching-platform/backend/internal/http.(*resourceHandlers).DeleteResource-fm (6 handlers)
[GIN-debug] POST   /api/v1/upload/assignment/:assignmentId --> github.com/huaodong/emfield-teaching-platform/backend/internal/http.(*uploadHandlers).UploadAssignmentFile-fm (6 handlers)
[GIN-debug] POST   /api/v1/upload/resource/:courseId --> github.com/huaodong/emfield-teaching-platform/backend/internal/http.(*uploadHandlers).UploadResourceFile-fm (6 handlers)
[GIN-debug] POST   /api/v1/submissions/:submissionId/ai-grade --> github.com/huaodong/emfield-teaching-platform/backend/internal/http.(*assignmentHandlers).AIGradeSubmission-fm (6 handlers)
[GIN-debug] POST   /api/v1/ai/chat           --> github.com/huaodong/emfield-teaching-platform/backend/internal/http.(*aiHandlers).Chat-fm (6 handlers)
[GIN-debug] POST   /api/v1/ai/chat_with_tools --> github.com/huaodong/emfield-teaching-platform/backend/internal/http.(*aiHandlers).ChatWithTools-fm (6 handlers)
[GIN-debug] POST   /api/v1/ai/chat/guided    --> github.com/huaodong/emfield-teaching-platform/backend/internal/http.(*aiHandlers).ChatGuided-fm (6 handlers)
[GIN-debug] GET    /api/v1/courses/:courseId/announcements/summary --> github.com/huaodong/emfield-teaching-platform/backend/internal/http.(*announcementHandlers).GetSummary-fm (6 handlers)
[GIN-debug] GET    /api/v1/courses/:courseId/announcements --> github.com/huaodong/emfield-teaching-platform/backend/internal/http.(*announcementHandlers).List-fm (6 handlers)
[GIN-debug] POST   /api/v1/courses/:courseId/announcements --> github.com/huaodong/emfield-teaching-platform/backend/internal/http.(*announcementHandlers).Create-fm (6 handlers)
[GIN-debug] PUT    /api/v1/announcements/:id --> github.com/huaodong/emfield-teaching-platform/backend/internal/http.(*announcementHandlers).Update-fm (6 handlers)
[GIN-debug] DELETE /api/v1/announcements/:id --> github.com/huaodong/emfield-teaching-platform/backend/internal/http.(*announcementHandlers).Delete-fm (6 handlers)
[GIN-debug] POST   /api/v1/announcements/:id/read --> github.com/huaodong/emfield-teaching-platform/backend/internal/http.(*announcementHandlers).MarkRead-fm (6 handlers)
[GIN-debug] GET    /api/v1/courses/:courseId/attendance/summary --> github.com/huaodong/emfield-teaching-platform/backend/internal/http.(*attendanceHandlers).GetSummary-fm (6 handlers)
[GIN-debug] GET    /api/v1/courses/:courseId/attendance/sessions --> github.com/huaodong/emfield-teaching-platform/backend/internal/http.(*attendanceHandlers).ListSessions-fm (6 handlers)
[GIN-debug] POST   /api/v1/courses/:courseId/attendance/start --> github.com/huaodong/emfield-teaching-platform/backend/internal/http.(*attendanceHandlers).StartSession-fm (6 handlers)
[GIN-debug] POST   /api/v1/attendance/:session_id/end --> github.com/huaodong/emfield-teaching-platform/backend/internal/http.(*attendanceHandlers).EndSession-fm (6 handlers)
[GIN-debug] POST   /api/v1/attendance/:session_id/checkin --> github.com/huaodong/emfield-teaching-platform/backend/internal/http.(*attendanceHandlers).Checkin-fm (6 handlers)
[GIN-debug] GET    /api/v1/attendance/:session_id/records --> github.com/huaodong/emfield-teaching-platform/backend/internal/http.(*attendanceHandlers).GetRecords-fm (6 handlers)
[GIN-debug] GET    /api/v1/learning-profiles/:courseId/:studentId --> github.com/huaodong/emfield-teaching-platform/backend/internal/http.(*learningProfileHandlers).GetProfile-fm (6 handlers)
[GIN-debug] POST   /api/v1/learning-profiles --> github.com/huaodong/emfield-teaching-platform/backend/internal/http.(*learningProfileHandlers).SaveProfile-fm (6 handlers)
[GIN-debug] GET    /api/v1/courses/:courseId/learning-profiles --> github.com/huaodong/emfield-teaching-platform/backend/internal/http.(*learningProfileHandlers).ListCourseProfiles-fm (6 handlers)
[GIN-debug] GET    /api/v1/students/:studentId/global-profile --> github.com/huaodong/emfield-teaching-platform/backend/internal/http.(*globalProfileHandlers).GetGlobalProfile-fm (6 handlers)
[GIN-debug] POST   /api/v1/students/:studentId/global-profile --> github.com/huaodong/emfield-teaching-platform/backend/internal/http.(*globalProfileHandlers).SaveGlobalProfile-fm (6 handlers)
[GIN-debug] GET    /api/v1/students/:studentId/learning-timeline --> github.com/huaodong/emfield-teaching-platform/backend/internal/http.(*globalProfileHandlers).GetLearningTimeline-fm (6 handlers)
[GIN-debug] POST   /api/v1/learning-events   --> github.com/huaodong/emfield-teaching-platform/backend/internal/http.(*globalProfileHandlers).RecordLearningEvent-fm (6 handlers)
[GIN-debug] POST   /api/v1/courses/:courseId/writing --> github.com/huaodong/emfield-teaching-platform/backend/internal/http.(*writingHandlers).SubmitWriting-fm (6 handlers)
[GIN-debug] GET    /api/v1/courses/:courseId/writing --> github.com/huaodong/emfield-teaching-platform/backend/internal/http.(*writingHandlers).GetWritingSubmissions-fm (6 handlers)
[GIN-debug] GET    /api/v1/courses/:courseId/writing/stats --> github.com/huaodong/emfield-teaching-platform/backend/internal/http.(*writingHandlers).GetWritingStats-fm (6 handlers)
[GIN-debug] GET    /api/v1/writing/:id       --> github.com/huaodong/emfield-teaching-platform/backend/internal/http.(*writingHandlers).GetWritingSubmission-fm (6 handlers)
[GIN-debug] PUT    /api/v1/writing/:id/feedback --> github.com/huaodong/emfield-teaching-platform/backend/internal/http.(*writingHandlers).UpdateWritingFeedback-fm (6 handlers)
[GIN-debug] GET    /api/v1/courses/:courseId/quizzes --> github.com/huaodong/emfield-teaching-platform/backend/internal/http.(*quizHandlers).ListQuizzes-fm (6 handlers)
[GIN-debug] POST   /api/v1/quizzes           --> github.com/huaodong/emfield-teaching-platform/backend/internal/http.(*quizHandlers).CreateQuiz-fm (6 handlers)
[GIN-debug] GET    /api/v1/quizzes/:id       --> github.com/huaodong/emfield-teaching-platform/backend/internal/http.(*quizHandlers).GetQuiz-fm (6 handlers)
[GIN-debug] PUT    /api/v1/quizzes/:id       --> github.com/huaodong/emfield-teaching-platform/backend/internal/http.(*quizHandlers).UpdateQuiz-fm (6 handlers)
[GIN-debug] DELETE /api/v1/quizzes/:id       --> github.com/huaodong/emfield-teaching-platform/backend/internal/http.(*quizHandlers).DeleteQuiz-fm (6 handlers)
[GIN-debug] POST   /api/v1/quizzes/:id/publish --> github.com/huaodong/emfield-teaching-platform/backend/internal/http.(*quizHandlers).PublishQuiz-fm (6 handlers)
[GIN-debug] POST   /api/v1/quizzes/:id/unpublish --> github.com/huaodong/emfield-teaching-platform/backend/internal/http.(*quizHandlers).UnpublishQuiz-fm (6 handlers)
[GIN-debug] POST   /api/v1/quizzes/:id/questions --> github.com/huaodong/emfield-teaching-platform/backend/internal/http.(*quizHandlers).AddQuestion-fm (6 handlers)
[GIN-debug] PUT    /api/v1/questions/:id     --> github.com/huaodong/emfield-teaching-platform/backend/internal/http.(*quizHandlers).UpdateQuestion-fm (6 handlers)
[GIN-debug] DELETE /api/v1/questions/:id     --> github.com/huaodong/emfield-teaching-platform/backend/internal/http.(*quizHandlers).DeleteQuestion-fm (6 handlers)
[GIN-debug] POST   /api/v1/quizzes/:id/start --> github.com/huaodong/emfield-teaching-platform/backend/internal/http.(*quizHandlers).StartQuiz-fm (6 handlers)
[GIN-debug] POST   /api/v1/quizzes/:id/submit --> github.com/huaodong/emfield-teaching-platform/backend/internal/http.(*quizHandlers).SubmitQuiz-fm (6 handlers)
[GIN-debug] GET    /api/v1/quizzes/:id/result --> github.com/huaodong/emfield-teaching-platform/backend/internal/http.(*quizHandlers).GetQuizResult-fm (6 handlers)
[GIN-debug] POST   /api/v1/sim/laplace2d     --> github.com/huaodong/emfield-teaching-platform/backend/internal/http.(*simHandlers).Laplace2D-fm (6 handlers)
[GIN-debug] POST   /api/v1/sim/point_charges --> github.com/huaodong/emfield-teaching-platform/backend/internal/http.NewRouter.(*simHandlers).SimProxy.func145 (6 handlers)
[GIN-debug] POST   /api/v1/sim/gauss_flux    --> github.com/huaodong/emfield-teaching-platform/backend/internal/http.NewRouter.(*simHandlers).SimProxy.func146 (6 handlers)
[GIN-debug] POST   /api/v1/sim/wire_field    --> github.com/huaodong/emfield-teaching-platform/backend/internal/http.NewRouter.(*simHandlers).SimProxy.func147 (6 handlers)
[GIN-debug] POST   /api/v1/sim/solenoid      --> github.com/huaodong/emfield-teaching-platform/backend/internal/http.NewRouter.(*simHandlers).SimProxy.func148 (6 handlers)
[GIN-debug] POST   /api/v1/sim/ampere_loop   --> github.com/huaodong/emfield-teaching-platform/backend/internal/http.NewRouter.(*simHandlers).SimProxy.func149 (6 handlers)
[GIN-debug] POST   /api/v1/sim/wave_1d       --> github.com/huaodong/emfield-teaching-platform/backend/internal/http.NewRouter.(*simHandlers).SimProxy.func150 (6 handlers)
[GIN-debug] POST   /api/v1/sim/fresnel       --> github.com/huaodong/emfield-teaching-platform/backend/internal/http.NewRouter.(*simHandlers).SimProxy.func151 (6 handlers)
[GIN-debug] POST   /api/v1/calc/integrate    --> github.com/huaodong/emfield-teaching-platform/backend/internal/http.NewRouter.(*simHandlers).CalcProxy.func152 (6 handlers)
[GIN-debug] POST   /api/v1/calc/differentiate --> github.com/huaodong/emfield-teaching-platform/backend/internal/http.NewRouter.(*simHandlers).CalcProxy.func153 (6 handlers)
[GIN-debug] POST   /api/v1/calc/evaluate     --> github.com/huaodong/emfield-teaching-platform/backend/internal/http.NewRouter.(*simHandlers).CalcProxy.func154 (6 handlers)
[GIN-debug] POST   /api/v1/calc/vector_op    --> github.com/huaodong/emfield-teaching-platform/backend/internal/http.NewRouter.(*simHandlers).CalcProxy.func155 (6 handlers)
[GIN-debug] POST   /api/v1/sim/run_code      --> github.com/huaodong/emfield-teaching-platform/backend/internal/http.NewRouter.(*simHandlers).SimProxy.func158 (6 handlers)
[GIN-debug] GET    /api/v1/admin/stats       --> github.com/huaodong/emfield-teaching-platform/backend/internal/http.(*adminHandlers).GetSystemStats-fm (6 handlers)
[GIN-debug] GET    /api/v1/admin/users       --> github.com/huaodong/emfield-teaching-platform/backend/internal/http.(*adminHandlers).ListUsers-fm (6 handlers)
[GIN-debug] POST   /api/v1/admin/users       --> github.com/huaodong/emfield-teaching-platform/backend/internal/http.(*adminHandlers).CreateUser-fm (6 handlers)
[GIN-debug] PUT    /api/v1/admin/users/:id   --> github.com/huaodong/emfield-teaching-platform/backend/internal/http.(*adminHandlers).UpdateUser-fm (6 handlers)
[GIN-debug] DELETE /api/v1/admin/users/:id   --> github.com/huaodong/emfield-teaching-platform/backend/internal/http.(*adminHandlers).DeleteUser-fm (6 handlers)
2026/01/25 19:15:36 backend listening on 0.0.0.0:8080
